<?xml version="1.0" encoding="UTF-8"?>
<!-- Generated by org.testng.reporters.JUnitReportReporter -->
<testsuite hostname="DESKTOP-26QMALB" failures="0" tests="4" name="MavenMainProject.Test1" time="0.029" errors="0" timestamp="2022-05-13T17:50:42 IST" skipped="0">
  <testcase classname="MavenMainProject.Test1" name="test11" time="0.001"/>
  <system-out/>
  <testcase classname="MavenMainProject.Test1" name="test111" time="0.004"/>
  <system-out/>
  <testcase classname="MavenMainProject.Test1" name="test1" time="0.003"/>
  <system-out/>
  <testcase classname="MavenMainProject.Test1" name="Mobile" time="0.021"/>
  <system-out/>
</testsuite> <!-- MavenMainProject.Test1 -->
