<?xml version="1.0" encoding="UTF-8"?>
<!-- Generated by org.testng.reporters.JUnitReportReporter -->
<testsuite hostname="DESKTOP-26QMALB" failures="0" tests="1" name="MavenMainProject.Test2" time="0.002" errors="0" timestamp="2022-05-13T17:50:42 IST" skipped="0">
  <testcase classname="MavenMainProject.Test2" name="test2" time="0.002"/>
  <system-out/>
</testsuite> <!-- MavenMainProject.Test2 -->
