<?xml version="1.0" encoding="UTF-8"?>
<!-- Generated by org.testng.reporters.JUnitReportReporter -->
<testsuite hostname="DESKTOP-26QMALB" failures="0" tests="2" name="MavenMainProject.Test3" time="0.003" errors="0" timestamp="2022-05-13T17:50:42 IST" skipped="0">
  <testcase classname="MavenMainProject.Test3" name="test3" time="0.002"/>
  <system-out/>
  <testcase classname="MavenMainProject.Test3" name="test33" time="0.001"/>
  <system-out/>
</testsuite> <!-- MavenMainProject.Test3 -->
