<?xml version="1.0" encoding="UTF-8"?>
<!-- Generated by org.testng.reporters.JUnitReportReporter -->
<testsuite hostname="DESKTOP-26QMALB" failures="0" tests="2" name="MavenMainProject.Test3" time="0.001" errors="0" timestamp="19 May 2022 08:42:22 GMT" skipped="0">
  <testcase classname="MavenMainProject.Test3" name="test3" time="0.000"/>
  <testcase classname="MavenMainProject.Test3" name="test33" time="0.001"/>
</testsuite> <!-- MavenMainProject.Test3 -->
