<?xml version="1.0" encoding="UTF-8"?>
<!-- Generated by org.testng.reporters.JUnitReportReporter -->
<testsuite hostname="DESKTOP-26QMALB" failures="0" tests="1" name="MavenMainProject.Test2" time="0.002" errors="0" timestamp="19 May 2022 08:42:22 GMT" skipped="0">
  <testcase classname="MavenMainProject.Test2" name="test2" time="0.002"/>
</testsuite> <!-- MavenMainProject.Test2 -->
